<?xml version="1.0" encoding="UTF-8"?>
<!-- Generated by org.testng.reporters.JUnitReportReporter -->
<testsuite skipped="0" hostname="LAPTOP-5P4VO57Q" name="Selenium.Automation.HandlingMultipleFrames" tests="1" failures="0" timestamp="07 Jun 2019 21:50:32 GMT" time="0.236" errors="0">
  <testcase name="testFrames" time="0.236" classname="Selenium.Automation.HandlingMultipleFrames"/>
</testsuite> <!-- Selenium.Automation.HandlingMultipleFrames -->
