<?xml version="1.0" encoding="UTF-8"?>
<!-- Generated by org.testng.reporters.JUnitReportReporter -->
<testsuite skipped="0" hostname="LAPTOP-5P4VO57Q" name="Selenium.Automation.AppTest" tests="1" failures="0" timestamp="06 Jun 2019 19:58:37 GMT" time="25.261" errors="0">
  <testcase name="test" time="25.261" classname="Selenium.Automation.AppTest"/>
</testsuite> <!-- Selenium.Automation.AppTest -->
