<?xml version="1.0" encoding="UTF-8"?>
<!-- Generated by org.testng.reporters.JUnitReportReporter -->
<testsuite skipped="0" hostname="LAPTOP-5P4VO57Q" name="Selenium.Automation.Frameshandling" tests="1" failures="0" timestamp="06 Jun 2019 20:17:45 GMT" time="10.483" errors="0">
  <testcase name="testFrames" time="10.483" classname="Selenium.Automation.Frameshandling"/>
</testsuite> <!-- Selenium.Automation.Frameshandling -->
